['2013-03-31', '2013-06-30', '2013-09-30', '2013-12-31', '2014-03-31', '2014-06-30', '2014-09-30', '2014-12-31', '2015-03-31', '2015-06-30', '2015-09-30', '2015-12-31', '2016-03-31', '2016-06-30', '2016-09-30', '2016-12-31', '2017-03-31', '2017-06-30', '2017-09-30', '2017-12-31', '2018-03-31', '2018-06-30', '2018-09-30', '2018-12-31', '2019-03-31', '2019-06-30', '2019-09-30', '2019-12-31', '2020-03-31', '2020-06-30', '2020-09-30', '2020-12-31', '2021-03-31', '2021-06-30', '2021-09-30', '2021-12-31', '2022-03-31', '2022-06-30', '2022-09-30', '2022-12-31', '2023-03-31', '2023-06-30', '2023-09-30', '2023-12-31', '2024-03-31', '2024-06-30', '2024-09-30', '2024-12-31']

===========

7

===========

8

===========

7

===========

16

===========

7

===========

11

===========

8

===========

19

===========

8

===========

16

===========

8

===========

21

===========

9

===========

19

===========

9

===========

22

===========

11

===========

20

===========

10

===========

23

===========

11

===========

21

===========

11

===========

23

===========

11

===========

21

===========

12

===========

24

===========

11
Traceback (most recent call last):
  File "/home/davidyu/software/Anaconda/envs/py38/lib/python3.8/http/client.py", line 556, in _get_chunk_left
    chunk_left = self._read_next_chunk_size()
  File "/home/davidyu/software/Anaconda/envs/py38/lib/python3.8/http/client.py", line 523, in _read_next_chunk_size
    return int(line, 16)
ValueError: invalid literal for int() with base 16: b''

During handling of the above exception, another exception occurred:

Traceback (most recent call last):
  File "/home/davidyu/software/Anaconda/envs/py38/lib/python3.8/http/client.py", line 588, in _readinto_chunked
    chunk_left = self._get_chunk_left()
  File "/home/davidyu/software/Anaconda/envs/py38/lib/python3.8/http/client.py", line 558, in _get_chunk_left
    raise IncompleteRead(b'')
http.client.IncompleteRead: IncompleteRead(0 bytes read)

During handling of the above exception, another exception occurred:

Traceback (most recent call last):
  File "download_fin_report_history.py", line 91, in <module>
    DownloadFinReport(ProjectDir).main_run("all")
  File "download_fin_report_history.py", line 68, in main_run
    file_size = self.download_tmp_txt(i,j)
  File "download_fin_report_history.py", line 34, in download_tmp_txt
    wget.download(url1, save_name) 
  File "/home/davidyu/software/Anaconda/envs/py38/lib/python3.8/site-packages/wget.py", line 526, in download
    (tmpfile, headers) = ulib.urlretrieve(binurl, tmpfile, callback)
  File "/home/davidyu/software/Anaconda/envs/py38/lib/python3.8/urllib/request.py", line 276, in urlretrieve
    block = fp.read(bs)
  File "/home/davidyu/software/Anaconda/envs/py38/lib/python3.8/http/client.py", line 459, in read
    n = self.readinto(b)
  File "/home/davidyu/software/Anaconda/envs/py38/lib/python3.8/http/client.py", line 493, in readinto
    return self._readinto_chunked(b)
  File "/home/davidyu/software/Anaconda/envs/py38/lib/python3.8/http/client.py", line 604, in _readinto_chunked
    raise IncompleteRead(bytes(b[0:total_bytes]))
http.client.IncompleteRead: IncompleteRead(3007 bytes read)
Traceback (most recent call last):
  File "download_fin_report_history.py", line 95, in <module>
    DownloadFinReport(ProjectDir).combine_finreport_data()
  File "download_fin_report_history.py", line 54, in combine_finreport_data
    df2 = DataFrameProcess.combine_all_dataframe_in_dir(self.save_tmp_txt_dir)
  File "/home/davidyu/vscode/scripts_stock/utils/data_frame_process.py", line 29, in combine_all_dataframe_in_dir
    df2 = pd.concat(df_list,sort=False).drop_duplicates()
  File "/home/davidyu/software/Anaconda/envs/py38/lib/python3.8/site-packages/pandas/core/reshape/concat.py", line 372, in concat
    op = _Concatenator(
  File "/home/davidyu/software/Anaconda/envs/py38/lib/python3.8/site-packages/pandas/core/reshape/concat.py", line 429, in __init__
    raise ValueError("No objects to concatenate")
ValueError: No objects to concatenate
INFO:20:[2024-11-30 18:57:22] [info] [download_fin_report_history.py - 88 - main_run] =finish get fin report data=
['2024-12-31', '2024-09-30', '2024-06-30', '2024-03-31', '2023-12-31', '2023-09-30', '2023-06-30', '2023-03-31', '2022-12-31', '2022-09-30', '2022-06-30', '2022-03-31', '2021-12-31', '2021-09-30', '2021-06-30', '2021-03-31', '2020-12-31', '2020-09-30', '2020-06-30', '2020-03-31', '2019-12-31', '2019-09-30', '2019-06-30', '2019-03-31', '2018-12-31', '2018-09-30', '2018-06-30', '2018-03-31', '2017-12-31', '2017-09-30', '2017-06-30', '2017-03-31', '2016-12-31', '2016-09-30', '2016-06-30', '2016-03-31', '2015-12-31', '2015-09-30', '2015-06-30', '2015-03-31', '2014-12-31', '2014-09-30', '2014-06-30', '2014-03-31', '2013-12-31', '2013-09-30', '2013-06-30', '2013-03-31']

===========

1

===========

13

===========

25

===========

13

===========

25

===========

13

===========

25

===========

13

===========

25

===========

13

===========

24

===========

13

===========

25

===========

13

===========

23

===========

12

===========

24

===========

12

===========

22

===========

11

===========

24

===========

12

===========

21

===========

11

===========

23

===========

11

===========

21

===========

11

===========

23

===========

10

===========

20

===========

11

===========

22

===========

9

===========

19

===========

9

===========

21

===========

8

===========

16

===========

8

===========

19

===========

8

===========

11

===========

7

===========

16

===========

7

===========

8

===========

7
======================================
=====================================
INFO:20:[2024-12-17 06:07:31] [info] [download_profit_report_history.py - 91 - main_run] =finish get fin report data=
['2024-12-31', '2024-09-30', '2024-06-30', '2024-03-31', '2023-12-31', '2023-09-30', '2023-06-30', '2023-03-31', '2022-12-31', '2022-09-30', '2022-06-30', '2022-03-31', '2021-12-31', '2021-09-30', '2021-06-30', '2021-03-31', '2020-12-31', '2020-09-30', '2020-06-30', '2020-03-31', '2019-12-31', '2019-09-30', '2019-06-30', '2019-03-31', '2018-12-31', '2018-09-30', '2018-06-30', '2018-03-31', '2017-12-31', '2017-09-30', '2017-06-30', '2017-03-31', '2016-12-31', '2016-09-30', '2016-06-30', '2016-03-31', '2015-12-31', '2015-09-30', '2015-06-30', '2015-03-31', '2014-12-31', '2014-09-30', '2014-06-30', '2014-03-31', '2013-12-31', '2013-09-30', '2013-06-30', '2013-03-31']

===========

1

===========

104

===========

104

===========

104

===========

105

===========

105

===========

104

===========

105

===========

105

===========

105

===========

105

===========

103

===========

106

===========

100

===========

102

===========

97

===========

106

===========

94

===========

96

===========

90

===========

106

===========

85

===========

86

===========

80

===========

103

===========

77

===========

80

===========

75

===========

97

===========

73

===========

80

===========

73

===========

91

===========

70

===========

77

===========

67

===========

86

===========

62

===========

69

===========

59

===========

84

===========

57

===========

61

===========

55

===========

80

===========

53

===========

52

===========

51
======================================
=====================================
